<2022-05-26 10:30:12,580> ---- ---- API/Package Versions -----
<2022-05-26 10:30:12,581> ---- | numpy | Version:1.21.4
<2022-05-26 10:30:12,581> ---- | pandas | Version:1.1.5
<2022-05-26 10:30:12,581> ---- | tensorflow | Version:2.7.0
<2022-05-26 10:30:12,581> ---- | logging | Version:0.5.1.2
<2022-05-26 10:30:12,581> ---- -------------------------------
<2022-05-26 11:01:20,724> ---- ---- API/Package Versions -----
<2022-05-26 11:01:20,724> ---- | numpy | Version:1.21.4
<2022-05-26 11:01:20,724> ---- | pandas | Version:1.1.5
<2022-05-26 11:01:20,724> ---- | tensorflow | Version:2.7.0
<2022-05-26 11:01:20,725> ---- | logging | Version:0.5.1.2
<2022-05-26 11:01:20,725> ---- -------------------------------
<2022-05-26 11:01:20,725> ---- Ultis initialised.
<2022-05-26 11:01:20,725> ---- ------------------
<2022-05-26 11:01:20,725> ---- |Padding: False|filter_sz: [3, 3]|stride: 1|
<2022-05-26 13:44:38,699> ---- ---- API/Package Versions -----
<2022-05-26 13:44:38,700> ---- | numpy | Version:1.21.4
<2022-05-26 13:44:38,700> ---- | pandas | Version:1.1.5
<2022-05-26 13:44:38,700> ---- | tensorflow | Version:2.7.0
<2022-05-26 13:44:38,700> ---- | logging | Version:0.5.1.2
<2022-05-26 13:44:38,700> ---- -------------------------------
<2022-05-26 14:44:22,276> ---- ---- API/Package Versions -----
<2022-05-26 14:44:22,277> ---- | numpy | Version:1.21.4
<2022-05-26 14:44:22,277> ---- | pandas | Version:1.1.5
<2022-05-26 14:44:22,277> ---- | tensorflow | Version:2.7.0
<2022-05-26 14:44:22,278> ---- | logging | Version:0.5.1.2
<2022-05-26 14:44:22,278> ---- -------------------------------
<2022-05-26 14:44:25,793> ---- Ultis initialised.
<2022-05-26 14:44:25,793> ---- ------------------
<2022-05-26 14:44:25,793> ---- |Padding: False|filter_sz: [3, 3]|stride: 1|
<2022-05-26 14:44:53,429> ---- ---- API/Package Versions -----
<2022-05-26 14:44:53,429> ---- | numpy | Version:1.21.4
<2022-05-26 14:44:53,430> ---- | pandas | Version:1.1.5
<2022-05-26 14:44:53,430> ---- | tensorflow | Version:2.7.0
<2022-05-26 14:44:53,430> ---- | logging | Version:0.5.1.2
<2022-05-26 14:44:53,430> ---- -------------------------------
<2022-05-26 14:44:54,040> ---- Ultis initialised.
<2022-05-26 14:44:54,041> ---- ------------------
<2022-05-26 14:44:54,041> ---- |Padding: False|filter_sz: [3, 3]|stride: 1|
<2022-05-26 14:46:10,658> ---- ---- API/Package Versions -----
<2022-05-26 14:46:10,658> ---- | numpy | Version:1.21.4
<2022-05-26 14:46:10,658> ---- | pandas | Version:1.1.5
<2022-05-26 14:46:10,658> ---- | tensorflow | Version:2.7.0
<2022-05-26 14:46:10,658> ---- | logging | Version:0.5.1.2
<2022-05-26 14:46:10,659> ---- -------------------------------
<2022-05-26 14:46:11,279> ---- Ultis initialised.
<2022-05-26 14:46:11,280> ---- ------------------
<2022-05-26 14:46:11,280> ---- |Padding: False|filter_sz: [3, 3]|stride: 1|
<2022-05-26 14:46:34,377> ---- ---- API/Package Versions -----
<2022-05-26 14:46:34,378> ---- | numpy | Version:1.21.4
<2022-05-26 14:46:34,378> ---- | pandas | Version:1.1.5
<2022-05-26 14:46:34,378> ---- | tensorflow | Version:2.7.0
<2022-05-26 14:46:34,378> ---- | logging | Version:0.5.1.2
<2022-05-26 14:46:34,378> ---- -------------------------------
<2022-05-26 14:46:34,982> ---- Ultis initialised.
<2022-05-26 14:46:34,982> ---- ------------------
<2022-05-26 14:46:34,982> ---- |Padding: False|filter_sz: [3, 3]|stride: 1|
<2022-05-26 14:54:49,317> ---- ---- API/Package Versions -----
<2022-05-26 14:54:49,318> ---- | numpy | Version:1.21.4
<2022-05-26 14:54:49,318> ---- | pandas | Version:1.1.5
<2022-05-26 14:54:49,318> ---- | tensorflow | Version:2.7.0
<2022-05-26 14:54:49,318> ---- | logging | Version:0.5.1.2
<2022-05-26 14:54:49,318> ---- -------------------------------
<2022-05-26 14:54:50,068> ---- Ultis initialised.
<2022-05-26 14:54:50,068> ---- ------------------
<2022-05-26 14:54:50,068> ---- |Padding: False|filter_sz: [3, 3]|stride: 1|
<2022-05-26 14:55:16,544> ---- ---- API/Package Versions -----
<2022-05-26 14:55:16,544> ---- | numpy | Version:1.21.4
<2022-05-26 14:55:16,545> ---- | pandas | Version:1.1.5
<2022-05-26 14:55:16,545> ---- | tensorflow | Version:2.7.0
<2022-05-26 14:55:16,545> ---- | logging | Version:0.5.1.2
<2022-05-26 14:55:16,545> ---- -------------------------------
<2022-05-26 14:55:17,185> ---- Ultis initialised.
<2022-05-26 14:55:17,185> ---- ------------------
<2022-05-26 14:55:17,185> ---- |Padding: False|filter_sz: [3, 3]|stride: 1|
<2022-05-26 14:57:56,722> ---- ---- API/Package Versions -----
<2022-05-26 14:57:56,723> ---- | numpy | Version:1.21.4
<2022-05-26 14:57:56,724> ---- | pandas | Version:1.1.5
<2022-05-26 14:57:56,724> ---- | tensorflow | Version:2.7.0
<2022-05-26 14:57:56,724> ---- | logging | Version:0.5.1.2
<2022-05-26 14:57:56,724> ---- -------------------------------
<2022-05-26 14:57:57,457> ---- Ultis initialised.
<2022-05-26 14:57:57,457> ---- ------------------
<2022-05-26 14:57:57,457> ---- |Padding: False|filter_sz: [3, 3]|stride: 1|
<2022-05-26 14:58:44,428> ---- ---- API/Package Versions -----
<2022-05-26 14:58:44,429> ---- | numpy | Version:1.21.4
<2022-05-26 14:58:44,429> ---- | pandas | Version:1.1.5
<2022-05-26 14:58:44,429> ---- | tensorflow | Version:2.7.0
<2022-05-26 14:58:44,429> ---- | logging | Version:0.5.1.2
<2022-05-26 14:58:44,429> ---- -------------------------------
<2022-05-26 14:58:45,133> ---- Ultis initialised.
<2022-05-26 14:58:45,133> ---- ------------------
<2022-05-26 14:58:45,133> ---- |Padding: False|filter_sz: [3, 3]|stride: 1|
<2022-05-26 15:02:20,853> ---- ---- API/Package Versions -----
<2022-05-26 15:02:20,854> ---- | numpy | Version:1.21.4
<2022-05-26 15:02:20,854> ---- | pandas | Version:1.1.5
<2022-05-26 15:02:20,854> ---- | tensorflow | Version:2.7.0
<2022-05-26 15:02:20,854> ---- | logging | Version:0.5.1.2
<2022-05-26 15:02:20,854> ---- -------------------------------
<2022-05-26 15:02:21,534> ---- Ultis initialised.
<2022-05-26 15:02:21,535> ---- ------------------
<2022-05-26 15:02:21,535> ---- |Padding: False|filter_sz: [3, 3]|stride: 1|
<2022-05-26 15:05:02,118> ---- ---- API/Package Versions -----
<2022-05-26 15:05:02,119> ---- | numpy | Version:1.21.4
<2022-05-26 15:05:02,119> ---- | pandas | Version:1.1.5
<2022-05-26 15:05:02,119> ---- | tensorflow | Version:2.7.0
<2022-05-26 15:05:02,119> ---- | logging | Version:0.5.1.2
<2022-05-26 15:05:02,119> ---- -------------------------------
<2022-05-26 15:05:02,732> ---- Ultis initialised.
<2022-05-26 15:05:02,733> ---- ------------------
<2022-05-26 15:05:02,733> ---- |Padding: False|filter_sz: [3, 3]|stride: 1|
<2022-05-26 15:06:24,178> ---- ---- API/Package Versions -----
<2022-05-26 15:06:24,179> ---- | numpy | Version:1.21.4
<2022-05-26 15:06:24,179> ---- | pandas | Version:1.1.5
<2022-05-26 15:06:24,179> ---- | tensorflow | Version:2.7.0
<2022-05-26 15:06:24,179> ---- | logging | Version:0.5.1.2
<2022-05-26 15:06:24,179> ---- -------------------------------
<2022-05-26 15:06:24,801> ---- Ultis initialised.
<2022-05-26 15:06:24,801> ---- ------------------
<2022-05-26 15:06:24,802> ---- |Padding: False|filter_sz: [3, 3]|stride: 1|
<2022-05-26 15:07:33,600> ---- ---- API/Package Versions -----
<2022-05-26 15:07:33,601> ---- | numpy | Version:1.21.4
<2022-05-26 15:07:33,601> ---- | pandas | Version:1.1.5
<2022-05-26 15:07:33,601> ---- | tensorflow | Version:2.7.0
<2022-05-26 15:07:33,601> ---- | logging | Version:0.5.1.2
<2022-05-26 15:07:33,601> ---- -------------------------------
<2022-05-26 15:07:34,199> ---- Ultis initialised.
<2022-05-26 15:07:34,199> ---- ------------------
<2022-05-26 15:07:34,199> ---- |Padding: False|filter_sz: [3, 3]|stride: 1|
<2022-05-26 15:09:25,666> ---- ---- API/Package Versions -----
<2022-05-26 15:09:25,667> ---- | numpy | Version:1.21.4
<2022-05-26 15:09:25,667> ---- | pandas | Version:1.1.5
<2022-05-26 15:09:25,667> ---- | tensorflow | Version:2.7.0
<2022-05-26 15:09:25,667> ---- | logging | Version:0.5.1.2
<2022-05-26 15:09:25,667> ---- -------------------------------
<2022-05-26 15:09:26,309> ---- Ultis initialised.
<2022-05-26 15:09:26,310> ---- ------------------
<2022-05-26 15:09:26,310> ---- |Padding: False|filter_sz: [3, 3]|stride: 1|
<2022-05-26 15:10:01,228> ---- ---- API/Package Versions -----
<2022-05-26 15:10:01,229> ---- | numpy | Version:1.21.4
<2022-05-26 15:10:01,229> ---- | pandas | Version:1.1.5
<2022-05-26 15:10:01,229> ---- | tensorflow | Version:2.7.0
<2022-05-26 15:10:01,229> ---- | logging | Version:0.5.1.2
<2022-05-26 15:10:01,229> ---- -------------------------------
<2022-05-26 15:10:01,852> ---- Ultis initialised.
<2022-05-26 15:10:01,852> ---- ------------------
<2022-05-26 15:10:01,852> ---- |Padding: False|filter_sz: [3, 3]|stride: 1|
<2022-05-26 15:17:54,745> ---- ---- API/Package Versions -----
<2022-05-26 15:17:54,746> ---- | numpy | Version:1.21.4
<2022-05-26 15:17:54,746> ---- | pandas | Version:1.1.5
<2022-05-26 15:17:54,746> ---- | tensorflow | Version:2.7.0
<2022-05-26 15:17:54,746> ---- | logging | Version:0.5.1.2
<2022-05-26 15:17:54,746> ---- -------------------------------
<2022-05-26 15:17:55,488> ---- Ultis initialised.
<2022-05-26 15:17:55,488> ---- ------------------
<2022-05-26 15:17:55,488> ---- |Padding: False|filter_sz: [3, 3]|stride: 1|
<2022-05-26 15:19:57,840> ---- ---- API/Package Versions -----
<2022-05-26 15:19:57,841> ---- | numpy | Version:1.21.4
<2022-05-26 15:19:57,841> ---- | pandas | Version:1.1.5
<2022-05-26 15:19:57,841> ---- | tensorflow | Version:2.7.0
<2022-05-26 15:19:57,841> ---- | logging | Version:0.5.1.2
<2022-05-26 15:19:57,841> ---- -------------------------------
<2022-05-26 15:19:58,513> ---- Ultis initialised.
<2022-05-26 15:19:58,513> ---- ------------------
<2022-05-26 15:19:58,513> ---- |Padding: False|filter_sz: [3, 3]|stride: 1|
<2022-05-26 15:20:33,154> ---- ---- API/Package Versions -----
<2022-05-26 15:20:33,155> ---- | numpy | Version:1.21.4
<2022-05-26 15:20:33,155> ---- | pandas | Version:1.1.5
<2022-05-26 15:20:33,155> ---- | tensorflow | Version:2.7.0
<2022-05-26 15:20:33,155> ---- | logging | Version:0.5.1.2
<2022-05-26 15:20:33,155> ---- -------------------------------
<2022-05-26 15:20:33,814> ---- Ultis initialised.
<2022-05-26 15:20:33,814> ---- ------------------
<2022-05-26 15:20:33,814> ---- |Padding: False|filter_sz: [3, 3]|stride: 1|
<2022-05-26 15:22:51,892> ---- ---- API/Package Versions -----
<2022-05-26 15:22:51,893> ---- | numpy | Version:1.21.4
<2022-05-26 15:22:51,893> ---- | pandas | Version:1.1.5
<2022-05-26 15:22:51,893> ---- | tensorflow | Version:2.7.0
<2022-05-26 15:22:51,893> ---- | logging | Version:0.5.1.2
<2022-05-26 15:22:51,893> ---- -------------------------------
<2022-05-26 15:22:52,574> ---- Ultis initialised.
<2022-05-26 15:22:52,575> ---- ------------------
<2022-05-26 15:22:52,575> ---- |Padding: False|filter_sz: [3, 3]|stride: 1|
<2022-05-27 09:27:09,682> ---- ---- API/Package Versions -----
<2022-05-27 09:27:09,683> ---- | numpy | Version:1.21.4
<2022-05-27 09:27:09,683> ---- | pandas | Version:1.1.5
<2022-05-27 09:27:09,683> ---- | tensorflow | Version:2.7.0
<2022-05-27 09:27:09,683> ---- | logging | Version:0.5.1.2
<2022-05-27 09:27:09,683> ---- -------------------------------
<2022-05-27 09:27:10,490> ---- Ultis initialised.
<2022-05-27 09:27:10,490> ---- ------------------
<2022-05-27 09:27:10,491> ---- |Padding: False|filter_sz: [3, 3]|stride: 1|
<2022-05-27 09:31:30,515> ---- ---- API/Package Versions -----
<2022-05-27 09:31:30,515> ---- | numpy | Version:1.21.4
<2022-05-27 09:31:30,515> ---- | pandas | Version:1.1.5
<2022-05-27 09:31:30,515> ---- | tensorflow | Version:2.7.0
<2022-05-27 09:31:30,515> ---- | logging | Version:0.5.1.2
<2022-05-27 09:31:30,515> ---- -------------------------------
<2022-05-27 09:31:31,178> ---- Ultis initialised.
<2022-05-27 09:31:31,178> ---- ------------------
<2022-05-27 09:31:31,178> ---- |Padding: False|filter_sz: [3, 3]|stride: 1|
<2022-05-27 09:36:56,995> ---- ---- API/Package Versions -----
<2022-05-27 09:36:56,996> ---- | numpy | Version:1.21.4
<2022-05-27 09:36:56,996> ---- | pandas | Version:1.1.5
<2022-05-27 09:36:56,996> ---- | tensorflow | Version:2.7.0
<2022-05-27 09:36:56,996> ---- | logging | Version:0.5.1.2
<2022-05-27 09:36:56,996> ---- -------------------------------
<2022-05-27 09:36:57,678> ---- Ultis initialised.
<2022-05-27 09:36:57,678> ---- ------------------
<2022-05-27 09:36:57,678> ---- |Padding: False|filter_sz: [3, 3]|stride: 1|
<2022-05-27 09:52:01,283> ---- ---- API/Package Versions -----
<2022-05-27 09:52:01,284> ---- | numpy | Version:1.21.4
<2022-05-27 09:52:01,284> ---- | pandas | Version:1.1.5
<2022-05-27 09:52:01,284> ---- | tensorflow | Version:2.7.0
<2022-05-27 09:52:01,284> ---- | logging | Version:0.5.1.2
<2022-05-27 09:52:01,284> ---- -------------------------------
<2022-05-27 09:52:01,986> ---- Ultis initialised.
<2022-05-27 09:52:01,986> ---- ------------------
<2022-05-27 09:52:01,986> ---- |Padding: False|filter_sz: [3, 3]|stride: 1|
<2022-05-27 09:52:18,221> ---- -------Defining the CNN structure-----.
<2022-05-27 09:52:19,527> ---- None
<2022-05-27 09:53:53,846> ---- ---- API/Package Versions -----
<2022-05-27 09:53:53,847> ---- | numpy | Version:1.21.4
<2022-05-27 09:53:53,847> ---- | pandas | Version:1.1.5
<2022-05-27 09:53:53,847> ---- | tensorflow | Version:2.7.0
<2022-05-27 09:53:53,847> ---- | logging | Version:0.5.1.2
<2022-05-27 09:53:53,847> ---- -------------------------------
<2022-05-27 09:53:54,529> ---- Ultis initialised.
<2022-05-27 09:53:54,530> ---- ------------------
<2022-05-27 09:53:54,530> ---- |Padding: False|filter_sz: [3, 3]|stride: 1|
<2022-05-27 09:53:58,879> ---- -------Defining the CNN structure-----.
<2022-05-27 09:54:00,137> ---- None
<2022-05-27 09:58:29,807> ---- ---- API/Package Versions -----
<2022-05-27 09:58:29,808> ---- | numpy | Version:1.21.4
<2022-05-27 09:58:29,808> ---- | pandas | Version:1.1.5
<2022-05-27 09:58:29,808> ---- | tensorflow | Version:2.7.0
<2022-05-27 09:58:29,808> ---- | logging | Version:0.5.1.2
<2022-05-27 09:58:29,808> ---- -------------------------------
<2022-05-27 09:58:30,432> ---- Ultis initialised.
<2022-05-27 09:58:30,433> ---- ------------------
<2022-05-27 09:58:30,433> ---- |Padding: False|filter_sz: [3, 3]|stride: 1|
<2022-05-27 09:58:32,729> ---- -------Defining the CNN structure-----.
<2022-05-27 09:58:33,997> ---- Model: "CNN_out"
<2022-05-27 09:58:33,997> ---- _________________________________________________________________
<2022-05-27 09:58:33,998> ----  Layer (type)                Output Shape              Param #   
<2022-05-27 09:58:33,998> ---- =================================================================
<2022-05-27 09:58:33,998> ----  CNN_in (InputLayer)         [(None, 32, 32, 3)]       0         
<2022-05-27 09:58:33,998> ----                                                                  
<2022-05-27 09:58:33,999> ----  CNN_L1 (Conv2D)             (None, 32, 32, 3072)      86016     
<2022-05-27 09:58:33,999> ----                                                                  
<2022-05-27 09:58:33,999> ----  max_pooling2d (MaxPooling2D  (None, 16, 16, 3072)     0         
<2022-05-27 09:58:33,999> ----  )                                                               
<2022-05-27 09:58:33,999> ----                                                                  
<2022-05-27 09:58:33,999> ----  CNN_L2 (Conv2D)             (None, 16, 16, 3072)      84937728  
<2022-05-27 09:58:34,000> ----                                                                  
<2022-05-27 09:58:34,000> ----  max_pooling2d_1 (MaxPooling  (None, 8, 8, 3072)       0         
<2022-05-27 09:58:34,000> ----  2D)                                                             
<2022-05-27 09:58:34,000> ----                                                                  
<2022-05-27 09:58:34,000> ----  featureMAP (Conv2D)         (None, 8, 8, 3072)        84937728  
<2022-05-27 09:58:34,000> ----                                                                  
<2022-05-27 09:58:34,000> ----  max_pooling2d_2 (MaxPooling  (None, 4, 4, 3072)       0         
<2022-05-27 09:58:34,001> ----  2D)                                                             
<2022-05-27 09:58:34,001> ----                                                                  
<2022-05-27 09:58:34,001> ----  flatten (Flatten)           (None, 49152)             0         
<2022-05-27 09:58:34,001> ----                                                                  
<2022-05-27 09:58:34,001> ----  dense (Dense)               (None, 2)                 98306     
<2022-05-27 09:58:34,001> ----                                                                  
<2022-05-27 09:58:34,001> ---- =================================================================
<2022-05-27 09:58:34,002> ---- Total params: 170,059,778
<2022-05-27 09:58:34,002> ---- Trainable params: 170,059,778
<2022-05-27 09:58:34,002> ---- Non-trainable params: 0
<2022-05-27 09:58:34,002> ---- _________________________________________________________________
<2022-05-27 10:04:38,255> ---- ---- API/Package Versions -----
<2022-05-27 10:04:38,255> ---- | numpy | Version:1.21.4
<2022-05-27 10:04:38,256> ---- | pandas | Version:1.1.5
<2022-05-27 10:04:38,256> ---- | tensorflow | Version:2.7.0
<2022-05-27 10:04:38,256> ---- | logging | Version:0.5.1.2
<2022-05-27 10:04:38,256> ---- -------------------------------
<2022-05-27 10:04:38,918> ---- Ultis initialised.
<2022-05-27 10:04:38,918> ---- ------------------
<2022-05-27 10:04:38,918> ---- |Padding: False|filter_sz: [3, 3]|stride: 1|
<2022-05-27 10:04:41,726> ---- -------Defining the CNN structure-----.
<2022-05-27 10:04:42,515> ---- Model: "CNN_out"
<2022-05-27 10:04:42,515> ---- _________________________________________________________________
<2022-05-27 10:04:42,515> ----  Layer (type)                Output Shape              Param #   
<2022-05-27 10:04:42,515> ---- =================================================================
<2022-05-27 10:04:42,516> ----  CNN_in (InputLayer)         [(None, 32, 32, 3)]       0         
<2022-05-27 10:04:42,516> ----                                                                  
<2022-05-27 10:04:42,517> ----  CNN_L1 (Conv2D)             (None, 32, 32, 3072)      86016     
<2022-05-27 10:04:42,517> ----                                                                  
<2022-05-27 10:04:42,517> ----  max_pooling2d (MaxPooling2D  (None, 16, 16, 3072)     0         
<2022-05-27 10:04:42,517> ----  )                                                               
<2022-05-27 10:04:42,517> ----                                                                  
<2022-05-27 10:04:42,517> ----  CNN_L2 (Conv2D)             (None, 16, 16, 3072)      84937728  
<2022-05-27 10:04:42,517> ----                                                                  
<2022-05-27 10:04:42,518> ----  max_pooling2d_1 (MaxPooling  (None, 8, 8, 3072)       0         
<2022-05-27 10:04:42,518> ----  2D)                                                             
<2022-05-27 10:04:42,518> ----                                                                  
<2022-05-27 10:04:42,518> ----  featureMAP (Conv2D)         (None, 8, 8, 3072)        84937728  
<2022-05-27 10:04:42,518> ----                                                                  
<2022-05-27 10:04:42,518> ----  max_pooling2d_2 (MaxPooling  (None, 4, 4, 3072)       0         
<2022-05-27 10:04:42,518> ----  2D)                                                             
<2022-05-27 10:04:42,518> ----                                                                  
<2022-05-27 10:04:42,519> ----  flatten (Flatten)           (None, 49152)             0         
<2022-05-27 10:04:42,519> ----                                                                  
<2022-05-27 10:04:42,519> ----  dense (Dense)               (None, 2)                 98306     
<2022-05-27 10:04:42,519> ----                                                                  
<2022-05-27 10:04:42,519> ----  dropout (Dropout)           (None, 2)                 0         
<2022-05-27 10:04:42,519> ----                                                                  
<2022-05-27 10:04:42,519> ---- =================================================================
<2022-05-27 10:04:42,520> ---- Total params: 170,059,778
<2022-05-27 10:04:42,520> ---- Trainable params: 170,059,778
<2022-05-27 10:04:42,520> ---- Non-trainable params: 0
<2022-05-27 10:04:42,520> ---- _________________________________________________________________
